<?xml version="1.0" encoding="UTF-8"?>
<!-- Generated by org.testng.reporters.JUnitReportReporter -->
<testsuite skipped="0" hostname="DELL" name="com.inetbanking.testCases.TC_AddCustomerTest_003" tests="1" failures="0" timestamp="27 Apr 2020 14:20:55 GMT" time="14.854" errors="0">
  <testcase name="AddNewCustomer" time="14.854" classname="com.inetbanking.testCases.TC_AddCustomerTest_003"/>
</testsuite> <!-- com.inetbanking.testCases.TC_AddCustomerTest_003 -->
