<?xml version="1.0" encoding="UTF-8"?>
<!-- Generated by org.testng.reporters.JUnitReportReporter -->
<testsuite skipped="0" hostname="DELL" name="com.inetbanking.testCases.TC_LoginTest_001" tests="1" failures="0" timestamp="27 Apr 2020 14:20:55 GMT" time="4.945" errors="0">
  <testcase name="LoginTest" time="4.945" classname="com.inetbanking.testCases.TC_LoginTest_001"/>
</testsuite> <!-- com.inetbanking.testCases.TC_LoginTest_001 -->
